2011/09/30 17:32:42 [error] [exception.CHttpException.404] exception 'CHttpException' with message 'No es posible resolver la solicitud "favicon.ico"' in /home/logicani/framework/yii/framework/web/CWebApplication.php:281
Stack trace:
#0 /home/logicani/framework/yii/framework/web/CWebApplication.php(136): CWebApplication->runController('favicon.ico')
#1 /home/logicani/framework/yii/framework/base/CApplication.php(158): CWebApplication->processRequest()
#2 /home/logicani/public_html/subdomain/smsempresa/index.php(13): CApplication->run()
#3 {main} REQUEST_URI=/favicon.ico
2011/09/30 17:32:45 [error] [exception.CHttpException.404] exception 'CHttpException' with message 'No es posible resolver la solicitud "favicon.ico"' in /home/logicani/framework/yii/framework/web/CWebApplication.php:281
Stack trace:
#0 /home/logicani/framework/yii/framework/web/CWebApplication.php(136): CWebApplication->runController('favicon.ico')
#1 /home/logicani/framework/yii/framework/base/CApplication.php(158): CWebApplication->processRequest()
#2 /home/logicani/public_html/subdomain/smsempresa/index.php(13): CApplication->run()
#3 {main} REQUEST_URI=/favicon.ico
2011/09/30 17:32:57 [error] [exception.CHttpException.404] exception 'CHttpException' with message 'No es posible resolver la solicitud "favicon.ico"' in /home/logicani/framework/yii/framework/web/CWebApplication.php:281
Stack trace:
#0 /home/logicani/framework/yii/framework/web/CWebApplication.php(136): CWebApplication->runController('favicon.ico')
#1 /home/logicani/framework/yii/framework/base/CApplication.php(158): CWebApplication->processRequest()
#2 /home/logicani/public_html/subdomain/smsempresa/index.php(13): CApplication->run()
#3 {main} REQUEST_URI=/favicon.ico
2011/09/30 17:33:15 [error] [exception.CHttpException.404] exception 'CHttpException' with message 'No es posible resolver la solicitud "favicon.ico"' in /home/logicani/framework/yii/framework/web/CWebApplication.php:281
Stack trace:
#0 /home/logicani/framework/yii/framework/web/CWebApplication.php(136): CWebApplication->runController('favicon.ico')
#1 /home/logicani/framework/yii/framework/base/CApplication.php(158): CWebApplication->processRequest()
#2 /home/logicani/public_html/subdomain/smsempresa/index.php(13): CApplication->run()
#3 {main} REQUEST_URI=/favicon.ico
2011/09/30 17:38:01 [error] [exception.CHttpException.404] exception 'CHttpException' with message 'No es posible resolver la solicitud "favicon.ico"' in /home/logicani/framework/yii/framework/web/CWebApplication.php:281
Stack trace:
#0 /home/logicani/framework/yii/framework/web/CWebApplication.php(136): CWebApplication->runController('favicon.ico')
#1 /home/logicani/framework/yii/framework/base/CApplication.php(158): CWebApplication->processRequest()
#2 /home/logicani/public_html/subdomain/smsempresa/index.php(13): CApplication->run()
#3 {main} REQUEST_URI=/favicon.ico
2011/09/30 17:38:16 [error] [exception.CHttpException.404] exception 'CHttpException' with message 'No es posible resolver la solicitud "favicon.ico"' in /home/logicani/framework/yii/framework/web/CWebApplication.php:281
Stack trace:
#0 /home/logicani/framework/yii/framework/web/CWebApplication.php(136): CWebApplication->runController('favicon.ico')
#1 /home/logicani/framework/yii/framework/base/CApplication.php(158): CWebApplication->processRequest()
#2 /home/logicani/public_html/subdomain/smsempresa/index.php(13): CApplication->run()
#3 {main} REQUEST_URI=/favicon.ico
2011/09/30 17:38:26 [error] [exception.CHttpException.404] exception 'CHttpException' with message 'No es posible resolver la solicitud "favicon.ico"' in /home/logicani/framework/yii/framework/web/CWebApplication.php:281
Stack trace:
#0 /home/logicani/framework/yii/framework/web/CWebApplication.php(136): CWebApplication->runController('favicon.ico')
#1 /home/logicani/framework/yii/framework/base/CApplication.php(158): CWebApplication->processRequest()
#2 /home/logicani/public_html/subdomain/smsempresa/index.php(13): CApplication->run()
#3 {main} REQUEST_URI=/favicon.ico
2011/09/30 17:38:39 [error] [exception.CHttpException.404] exception 'CHttpException' with message 'No es posible resolver la solicitud "favicon.ico"' in /home/logicani/framework/yii/framework/web/CWebApplication.php:281
Stack trace:
#0 /home/logicani/framework/yii/framework/web/CWebApplication.php(136): CWebApplication->runController('favicon.ico')
#1 /home/logicani/framework/yii/framework/base/CApplication.php(158): CWebApplication->processRequest()
#2 /home/logicani/public_html/subdomain/smsempresa/index.php(13): CApplication->run()
#3 {main} REQUEST_URI=/favicon.ico
2011/09/30 17:38:44 [error] [exception.CHttpException.404] exception 'CHttpException' with message 'No es posible resolver la solicitud "favicon.ico"' in /home/logicani/framework/yii/framework/web/CWebApplication.php:281
Stack trace:
#0 /home/logicani/framework/yii/framework/web/CWebApplication.php(136): CWebApplication->runController('favicon.ico')
#1 /home/logicani/framework/yii/framework/base/CApplication.php(158): CWebApplication->processRequest()
#2 /home/logicani/public_html/subdomain/smsempresa/index.php(13): CApplication->run()
#3 {main} REQUEST_URI=/favicon.ico
2011/09/30 17:38:47 [error] [exception.CHttpException.404] exception 'CHttpException' with message 'No es posible resolver la solicitud "favicon.ico"' in /home/logicani/framework/yii/framework/web/CWebApplication.php:281
Stack trace:
#0 /home/logicani/framework/yii/framework/web/CWebApplication.php(136): CWebApplication->runController('favicon.ico')
#1 /home/logicani/framework/yii/framework/base/CApplication.php(158): CWebApplication->processRequest()
#2 /home/logicani/public_html/subdomain/smsempresa/index.php(13): CApplication->run()
#3 {main} REQUEST_URI=/favicon.ico
2011/09/30 17:38:57 [error] [exception.CHttpException.404] exception 'CHttpException' with message 'No es posible resolver la solicitud "favicon.ico"' in /home/logicani/framework/yii/framework/web/CWebApplication.php:281
Stack trace:
#0 /home/logicani/framework/yii/framework/web/CWebApplication.php(136): CWebApplication->runController('favicon.ico')
#1 /home/logicani/framework/yii/framework/base/CApplication.php(158): CWebApplication->processRequest()
#2 /home/logicani/public_html/subdomain/smsempresa/index.php(13): CApplication->run()
#3 {main} REQUEST_URI=/favicon.ico
2011/09/30 17:39:09 [error] [exception.CHttpException.404] exception 'CHttpException' with message 'No es posible resolver la solicitud "favicon.ico"' in /home/logicani/framework/yii/framework/web/CWebApplication.php:281
Stack trace:
#0 /home/logicani/framework/yii/framework/web/CWebApplication.php(136): CWebApplication->runController('favicon.ico')
#1 /home/logicani/framework/yii/framework/base/CApplication.php(158): CWebApplication->processRequest()
#2 /home/logicani/public_html/subdomain/smsempresa/index.php(13): CApplication->run()
#3 {main} REQUEST_URI=/favicon.ico
2011/09/30 17:39:15 [error] [exception.CHttpException.404] exception 'CHttpException' with message 'No es posible resolver la solicitud "favicon.ico"' in /home/logicani/framework/yii/framework/web/CWebApplication.php:281
Stack trace:
#0 /home/logicani/framework/yii/framework/web/CWebApplication.php(136): CWebApplication->runController('favicon.ico')
#1 /home/logicani/framework/yii/framework/base/CApplication.php(158): CWebApplication->processRequest()
#2 /home/logicani/public_html/subdomain/smsempresa/index.php(13): CApplication->run()
#3 {main} REQUEST_URI=/favicon.ico
2011/09/30 17:39:23 [error] [exception.CHttpException.404] exception 'CHttpException' with message 'No es posible resolver la solicitud "favicon.ico"' in /home/logicani/framework/yii/framework/web/CWebApplication.php:281
Stack trace:
#0 /home/logicani/framework/yii/framework/web/CWebApplication.php(136): CWebApplication->runController('favicon.ico')
#1 /home/logicani/framework/yii/framework/base/CApplication.php(158): CWebApplication->processRequest()
#2 /home/logicani/public_html/subdomain/smsempresa/index.php(13): CApplication->run()
#3 {main} REQUEST_URI=/favicon.ico
2011/09/30 17:39:47 [error] [exception.CHttpException.404] exception 'CHttpException' with message 'No es posible resolver la solicitud "favicon.ico"' in /home/logicani/framework/yii/framework/web/CWebApplication.php:281
Stack trace:
#0 /home/logicani/framework/yii/framework/web/CWebApplication.php(136): CWebApplication->runController('favicon.ico')
#1 /home/logicani/framework/yii/framework/base/CApplication.php(158): CWebApplication->processRequest()
#2 /home/logicani/public_html/subdomain/smsempresa/index.php(13): CApplication->run()
#3 {main} REQUEST_URI=/favicon.ico
2011/09/30 17:39:55 [error] [exception.CHttpException.403] exception 'CHttpException' with message 'Usted no se encuentra autorizado a realizar esta acción.' in /home/logicani/framework/yii/framework/web/auth/CAccessControlFilter.php:158
Stack trace:
#0 /home/logicani/framework/yii/framework/web/auth/CAccessControlFilter.php(120): CAccessControlFilter->accessDenied(Object(CWebUser), 'Usted no se enc...')
#1 /home/logicani/framework/yii/framework/web/filters/CFilter.php(39): CAccessControlFilter->preFilter(Object(CFilterChain))
#2 /home/logicani/framework/yii/framework/web/CController.php(1144): CFilter->filter(Object(CFilterChain))
#3 /home/logicani/framework/yii/framework/web/filters/CInlineFilter.php(59): CController->filterAccessControl(Object(CFilterChain))
#4 /home/logicani/framework/yii/framework/web/filters/CFilterChain.php(131): CInlineFilter->filter(Object(CFilterChain))
#5 /home/logicani/framework/yii/framework/web/CController.php(283): CFilterChain->run()
#6 /home/logicani/framework/yii/framework/web/CController.php(257): CController->runActionWithFilters(Object(CInlineAction), Array)
#7 /home/logicani/framework/yii/framework/web/CWebApplication.php(277): CController->run('admin')
#8 /home/logicani/framework/yii/framework/web/CWebApplication.php(136): CWebApplication->runController('grupocontacto/a...')
#9 /home/logicani/framework/yii/framework/base/CApplication.php(158): CWebApplication->processRequest()
#10 /home/logicani/public_html/subdomain/smsempresa/index.php(13): CApplication->run()
#11 {main} REQUEST_URI=/index.php/grupocontacto/admin
2011/09/30 17:39:56 [error] [exception.CHttpException.404] exception 'CHttpException' with message 'No es posible resolver la solicitud "favicon.ico"' in /home/logicani/framework/yii/framework/web/CWebApplication.php:281
Stack trace:
#0 /home/logicani/framework/yii/framework/web/CWebApplication.php(136): CWebApplication->runController('favicon.ico')
#1 /home/logicani/framework/yii/framework/base/CApplication.php(158): CWebApplication->processRequest()
#2 /home/logicani/public_html/subdomain/smsempresa/index.php(13): CApplication->run()
#3 {main} REQUEST_URI=/favicon.ico
2011/09/30 17:40:11 [error] [exception.CHttpException.404] exception 'CHttpException' with message 'No es posible resolver la solicitud "favicon.ico"' in /home/logicani/framework/yii/framework/web/CWebApplication.php:281
Stack trace:
#0 /home/logicani/framework/yii/framework/web/CWebApplication.php(136): CWebApplication->runController('favicon.ico')
#1 /home/logicani/framework/yii/framework/base/CApplication.php(158): CWebApplication->processRequest()
#2 /home/logicani/public_html/subdomain/smsempresa/index.php(13): CApplication->run()
#3 {main} REQUEST_URI=/favicon.ico
2011/09/30 17:40:16 [error] [exception.CHttpException.404] exception 'CHttpException' with message 'No es posible resolver la solicitud "favicon.ico"' in /home/logicani/framework/yii/framework/web/CWebApplication.php:281
Stack trace:
#0 /home/logicani/framework/yii/framework/web/CWebApplication.php(136): CWebApplication->runController('favicon.ico')
#1 /home/logicani/framework/yii/framework/base/CApplication.php(158): CWebApplication->processRequest()
#2 /home/logicani/public_html/subdomain/smsempresa/index.php(13): CApplication->run()
#3 {main} REQUEST_URI=/favicon.ico
2011/09/30 17:40:21 [error] [exception.CHttpException.404] exception 'CHttpException' with message 'No es posible resolver la solicitud "favicon.ico"' in /home/logicani/framework/yii/framework/web/CWebApplication.php:281
Stack trace:
#0 /home/logicani/framework/yii/framework/web/CWebApplication.php(136): CWebApplication->runController('favicon.ico')
#1 /home/logicani/framework/yii/framework/base/CApplication.php(158): CWebApplication->processRequest()
#2 /home/logicani/public_html/subdomain/smsempresa/index.php(13): CApplication->run()
#3 {main} REQUEST_URI=/favicon.ico
2011/09/30 17:41:43 [error] [exception.CHttpException.404] exception 'CHttpException' with message 'No es posible resolver la solicitud "favicon.ico"' in /home/logicani/framework/yii/framework/web/CWebApplication.php:281
Stack trace:
#0 /home/logicani/framework/yii/framework/web/CWebApplication.php(136): CWebApplication->runController('favicon.ico')
#1 /home/logicani/framework/yii/framework/base/CApplication.php(158): CWebApplication->processRequest()
#2 /home/logicani/public_html/subdomain/smsempresa/index.php(13): CApplication->run()
#3 {main} REQUEST_URI=/favicon.ico
2011/09/30 17:41:53 [error] [exception.CHttpException.404] exception 'CHttpException' with message 'No es posible resolver la solicitud "favicon.ico"' in /home/logicani/framework/yii/framework/web/CWebApplication.php:281
Stack trace:
#0 /home/logicani/framework/yii/framework/web/CWebApplication.php(136): CWebApplication->runController('favicon.ico')
#1 /home/logicani/framework/yii/framework/base/CApplication.php(158): CWebApplication->processRequest()
#2 /home/logicani/public_html/subdomain/smsempresa/index.php(13): CApplication->run()
#3 {main} REQUEST_URI=/favicon.ico
2011/09/30 17:42:03 [error] [exception.CHttpException.404] exception 'CHttpException' with message 'No es posible resolver la solicitud "favicon.ico"' in /home/logicani/framework/yii/framework/web/CWebApplication.php:281
Stack trace:
#0 /home/logicani/framework/yii/framework/web/CWebApplication.php(136): CWebApplication->runController('favicon.ico')
#1 /home/logicani/framework/yii/framework/base/CApplication.php(158): CWebApplication->processRequest()
#2 /home/logicani/public_html/subdomain/smsempresa/index.php(13): CApplication->run()
#3 {main} REQUEST_URI=/favicon.ico
2011/09/30 17:42:06 [error] [exception.CHttpException.404] exception 'CHttpException' with message 'No es posible resolver la solicitud "favicon.ico"' in /home/logicani/framework/yii/framework/web/CWebApplication.php:281
Stack trace:
#0 /home/logicani/framework/yii/framework/web/CWebApplication.php(136): CWebApplication->runController('favicon.ico')
#1 /home/logicani/framework/yii/framework/base/CApplication.php(158): CWebApplication->processRequest()
#2 /home/logicani/public_html/subdomain/smsempresa/index.php(13): CApplication->run()
#3 {main} REQUEST_URI=/favicon.ico
2011/09/30 17:42:12 [error] [exception.CHttpException.404] exception 'CHttpException' with message 'No es posible resolver la solicitud "favicon.ico"' in /home/logicani/framework/yii/framework/web/CWebApplication.php:281
Stack trace:
#0 /home/logicani/framework/yii/framework/web/CWebApplication.php(136): CWebApplication->runController('favicon.ico')
#1 /home/logicani/framework/yii/framework/base/CApplication.php(158): CWebApplication->processRequest()
#2 /home/logicani/public_html/subdomain/smsempresa/index.php(13): CApplication->run()
#3 {main} REQUEST_URI=/favicon.ico
2011/09/30 17:42:19 [warning] [application] Failed to set unsafe attribute "Grupo" of "Contacto".
in /home/logicani/public_html/subdomain/smsempresa/protected/extensions/gtc/components/GController.php (53)
in /home/logicani/public_html/subdomain/smsempresa/protected/controllers/ContactoController.php (23)
in /home/logicani/public_html/subdomain/smsempresa/index.php (13)
2011/09/30 17:42:24 [warning] [application] Failed to set unsafe attribute "Grupo" of "Contacto".
in /home/logicani/public_html/subdomain/smsempresa/protected/extensions/gtc/components/GController.php (53)
in /home/logicani/public_html/subdomain/smsempresa/protected/controllers/ContactoController.php (23)
in /home/logicani/public_html/subdomain/smsempresa/index.php (13)
2011/09/30 17:42:33 [warning] [application] Failed to set unsafe attribute "Grupo" of "Contacto".
in /home/logicani/public_html/subdomain/smsempresa/protected/extensions/gtc/components/GController.php (53)
in /home/logicani/public_html/subdomain/smsempresa/protected/controllers/ContactoController.php (23)
in /home/logicani/public_html/subdomain/smsempresa/index.php (13)
2011/09/30 17:42:36 [warning] [application] Failed to set unsafe attribute "Grupo" of "Contacto".
in /home/logicani/public_html/subdomain/smsempresa/protected/extensions/gtc/components/GController.php (53)
in /home/logicani/public_html/subdomain/smsempresa/protected/controllers/ContactoController.php (23)
in /home/logicani/public_html/subdomain/smsempresa/index.php (13)
2011/09/30 17:42:41 [warning] [application] Failed to set unsafe attribute "Grupo" of "Contacto".
in /home/logicani/public_html/subdomain/smsempresa/protected/controllers/ContactoController.php (26)
in /home/logicani/public_html/subdomain/smsempresa/index.php (13)
2011/09/30 17:42:42 [error] [exception.CException] exception 'CException' with message 'Propiedad "Contacto"."id" no se encuentra definida.' in /home/logicani/framework/yii/framework/base/CComponent.php:131
Stack trace:
#0 /home/logicani/framework/yii/framework/db/ar/CActiveRecord.php(129): CComponent->__get('id')
#1 /home/logicani/public_html/subdomain/smsempresa/protected/views/contacto/view.php(50): CActiveRecord->__get('id')
#2 /home/logicani/framework/yii/framework/web/CBaseController.php(119): require('/home/logicani/...')
#3 /home/logicani/framework/yii/framework/web/CBaseController.php(88): CBaseController->renderInternal('/home/logicani/...', Array, true)
#4 /home/logicani/framework/yii/framework/web/CController.php(866): CBaseController->renderFile('/home/logicani/...', Array, true)
#5 /home/logicani/framework/yii/framework/web/CController.php(779): CController->renderPartial('view', Array, true)
#6 /home/logicani/public_html/subdomain/smsempresa/protected/controllers/ContactoController.php(16): CController->render('view', Array)
#7 /home/logicani/framework/yii/framework/web/actions/CInlineAction.php(50): ContactoController->actionView()
#8 /home/logicani/framework/yii/framework/web/CController.php(300): CInlineAction->runWithParams(Array)
#9 /home/logicani/framework/yii/framework/web/CController.php(278): CController->runAction(Object(CInlineAction))
#10 /home/logicani/framework/yii/framework/web/CController.php(257): CController->runActionWithFilters(Object(CInlineAction), Array)
#11 /home/logicani/framework/yii/framework/web/CWebApplication.php(277): CController->run('view')
#12 /home/logicani/framework/yii/framework/web/CWebApplication.php(136): CWebApplication->runController('contacto/view')
#13 /home/logicani/framework/yii/framework/base/CApplication.php(158): CWebApplication->processRequest()
#14 /home/logicani/public_html/subdomain/smsempresa/index.php(13): CApplication->run()
#15 {main} REQUEST_URI=/index.php/contacto/2
2011/09/30 17:42:43 [error] [exception.CHttpException.404] exception 'CHttpException' with message 'No es posible resolver la solicitud "favicon.ico"' in /home/logicani/framework/yii/framework/web/CWebApplication.php:281
Stack trace:
#0 /home/logicani/framework/yii/framework/web/CWebApplication.php(136): CWebApplication->runController('favicon.ico')
#1 /home/logicani/framework/yii/framework/base/CApplication.php(158): CWebApplication->processRequest()
#2 /home/logicani/public_html/subdomain/smsempresa/index.php(13): CApplication->run()
#3 {main} REQUEST_URI=/favicon.ico
2011/09/30 17:44:32 [error] [exception.CHttpException.404] exception 'CHttpException' with message 'No es posible resolver la solicitud "favicon.ico"' in /home/logicani/framework/yii/framework/web/CWebApplication.php:281
Stack trace:
#0 /home/logicani/framework/yii/framework/web/CWebApplication.php(136): CWebApplication->runController('favicon.ico')
#1 /home/logicani/framework/yii/framework/base/CApplication.php(158): CWebApplication->processRequest()
#2 /home/logicani/public_html/subdomain/smsempresa/index.php(13): CApplication->run()
#3 {main} REQUEST_URI=/favicon.ico
2011/09/30 17:46:44 [error] [exception.CHttpException.404] exception 'CHttpException' with message 'No es posible resolver la solicitud "favicon.ico"' in /home/logicani/framework/yii/framework/web/CWebApplication.php:281
Stack trace:
#0 /home/logicani/framework/yii/framework/web/CWebApplication.php(136): CWebApplication->runController('favicon.ico')
#1 /home/logicani/framework/yii/framework/base/CApplication.php(158): CWebApplication->processRequest()
#2 /home/logicani/public_html/subdomain/smsempresa/index.php(13): CApplication->run()
#3 {main} REQUEST_URI=/favicon.ico
2011/09/30 17:46:49 [error] [exception.CHttpException.404] exception 'CHttpException' with message 'No es posible resolver la solicitud "favicon.ico"' in /home/logicani/framework/yii/framework/web/CWebApplication.php:281
Stack trace:
#0 /home/logicani/framework/yii/framework/web/CWebApplication.php(136): CWebApplication->runController('favicon.ico')
#1 /home/logicani/framework/yii/framework/base/CApplication.php(158): CWebApplication->processRequest()
#2 /home/logicani/public_html/subdomain/smsempresa/index.php(13): CApplication->run()
#3 {main} REQUEST_URI=/favicon.ico
2011/09/30 17:47:09 [error] [exception.CHttpException.404] exception 'CHttpException' with message 'No es posible resolver la solicitud "favicon.ico"' in /home/logicani/framework/yii/framework/web/CWebApplication.php:281
Stack trace:
#0 /home/logicani/framework/yii/framework/web/CWebApplication.php(136): CWebApplication->runController('favicon.ico')
#1 /home/logicani/framework/yii/framework/base/CApplication.php(158): CWebApplication->processRequest()
#2 /home/logicani/public_html/subdomain/smsempresa/index.php(13): CApplication->run()
#3 {main} REQUEST_URI=/favicon.ico
2011/09/30 17:47:16 [error] [exception.CHttpException.404] exception 'CHttpException' with message 'No es posible resolver la solicitud "favicon.ico"' in /home/logicani/framework/yii/framework/web/CWebApplication.php:281
Stack trace:
#0 /home/logicani/framework/yii/framework/web/CWebApplication.php(136): CWebApplication->runController('favicon.ico')
#1 /home/logicani/framework/yii/framework/base/CApplication.php(158): CWebApplication->processRequest()
#2 /home/logicani/public_html/subdomain/smsempresa/index.php(13): CApplication->run()
#3 {main} REQUEST_URI=/favicon.ico
2011/09/30 17:47:21 [error] [exception.CHttpException.404] exception 'CHttpException' with message 'No es posible resolver la solicitud "favicon.ico"' in /home/logicani/framework/yii/framework/web/CWebApplication.php:281
Stack trace:
#0 /home/logicani/framework/yii/framework/web/CWebApplication.php(136): CWebApplication->runController('favicon.ico')
#1 /home/logicani/framework/yii/framework/base/CApplication.php(158): CWebApplication->processRequest()
#2 /home/logicani/public_html/subdomain/smsempresa/index.php(13): CApplication->run()
#3 {main} REQUEST_URI=/favicon.ico
2011/09/30 17:47:24 [error] [exception.CHttpException.404] exception 'CHttpException' with message 'No es posible resolver la solicitud "favicon.ico"' in /home/logicani/framework/yii/framework/web/CWebApplication.php:281
Stack trace:
#0 /home/logicani/framework/yii/framework/web/CWebApplication.php(136): CWebApplication->runController('favicon.ico')
#1 /home/logicani/framework/yii/framework/base/CApplication.php(158): CWebApplication->processRequest()
#2 /home/logicani/public_html/subdomain/smsempresa/index.php(13): CApplication->run()
#3 {main} REQUEST_URI=/favicon.ico
2011/09/30 17:47:33 [error] [exception.CHttpException.404] exception 'CHttpException' with message 'No es posible resolver la solicitud "favicon.ico"' in /home/logicani/framework/yii/framework/web/CWebApplication.php:281
Stack trace:
#0 /home/logicani/framework/yii/framework/web/CWebApplication.php(136): CWebApplication->runController('favicon.ico')
#1 /home/logicani/framework/yii/framework/base/CApplication.php(158): CWebApplication->processRequest()
#2 /home/logicani/public_html/subdomain/smsempresa/index.php(13): CApplication->run()
#3 {main} REQUEST_URI=/favicon.ico
2011/09/30 18:29:56 [error] [exception.CHttpException.404] exception 'CHttpException' with message 'No es posible resolver la solicitud "favicon.ico"' in /home/logicani/framework/yii/framework/web/CWebApplication.php:281
Stack trace:
#0 /home/logicani/framework/yii/framework/web/CWebApplication.php(136): CWebApplication->runController('favicon.ico')
#1 /home/logicani/framework/yii/framework/base/CApplication.php(158): CWebApplication->processRequest()
#2 /home/logicani/public_html/subdomain/smsempresa/index.php(13): CApplication->run()
#3 {main} REQUEST_URI=/favicon.ico
2011/09/30 18:30:29 [error] [system.db.CDbCommand] CDbCommand::execute() failed: SQLSTATE[23000]: Integrity constraint violation: 1451 Cannot delete or update a parent row: a foreign key constraint fails (`logicani_smsempresa/movistar_grupocontacto`, CONSTRAINT `movistar_grupocontacto_fk` FOREIGN KEY (`contactoid`) REFERENCES `movistar_contacto` (`contactoid`) ON UPDATE CASCADE). The SQL statement executed was: DELETE FROM `movistar_contacto` WHERE `movistar_contacto`.`contactoid`='1'.
in /home/logicani/public_html/subdomain/smsempresa/protected/controllers/ContactoController.php (98)
in /home/logicani/public_html/subdomain/smsempresa/index.php (13)
2011/09/30 18:30:29 [error] [exception.CDbException] exception 'CDbException' with message 'CDbCommand falló al ejecutar la sentencia SQL: SQLSTATE[23000]: Integrity constraint violation: 1451 Cannot delete or update a parent row: a foreign key constraint fails (`logicani_smsempresa/movistar_grupocontacto`, CONSTRAINT `movistar_grupocontacto_fk` FOREIGN KEY (`contactoid`) REFERENCES `movistar_contacto` (`contactoid`) ON UPDATE CASCADE). The SQL statement executed was: DELETE FROM `movistar_contacto` WHERE `movistar_contacto`.`contactoid`='1'' in /home/logicani/framework/yii/framework/db/CDbCommand.php:336
Stack trace:
#0 /home/logicani/framework/yii/framework/db/ar/CActiveRecord.php(1743): CDbCommand->execute()
#1 /home/logicani/framework/yii/framework/db/ar/CActiveRecord.php(1162): CActiveRecord->deleteByPk('1')
#2 /home/logicani/public_html/subdomain/smsempresa/protected/controllers/ContactoController.php(98): CActiveRecord->delete()
#3 /home/logicani/framework/yii/framework/web/actions/CInlineAction.php(50): ContactoController->actionDelete()
#4 /home/logicani/framework/yii/framework/web/CController.php(300): CInlineAction->runWithParams(Array)
#5 /home/logicani/framework/yii/framework/web/filters/CFilterChain.php(134): CController->runAction(Object(CInlineAction))
#6 /home/logicani/framework/yii/framework/web/filters/CFilter.php(41): CFilterChain->run()
#7 /home/logicani/framework/yii/framework/web/CController.php(1144): CFilter->filter(Object(CFilterChain))
#8 /home/logicani/framework/yii/framework/web/filters/CInlineFilter.php(59): CController->filterAccessControl(Object(CFilterChain))
#9 /home/logicani/framework/yii/framework/web/filters/CFilterChain.php(131): CInlineFilter->filter(Object(CFilterChain))
#10 /home/logicani/framework/yii/framework/web/CController.php(283): CFilterChain->run()
#11 /home/logicani/framework/yii/framework/web/CController.php(257): CController->runActionWithFilters(Object(CInlineAction), Array)
#12 /home/logicani/framework/yii/framework/web/CWebApplication.php(277): CController->run('delete')
#13 /home/logicani/framework/yii/framework/web/CWebApplication.php(136): CWebApplication->runController('contacto/delete')
#14 /home/logicani/framework/yii/framework/base/CApplication.php(158): CWebApplication->processRequest()
#15 /home/logicani/public_html/subdomain/smsempresa/index.php(13): CApplication->run()
#16 {main} REQUEST_URI=/index.php/contacto/delete/1?ajax=contacto-grid
2011/09/30 18:32:15 [error] [exception.CHttpException.404] exception 'CHttpException' with message 'No es posible resolver la solicitud "favicon.ico"' in /home/logicani/framework/yii/framework/web/CWebApplication.php:281
Stack trace:
#0 /home/logicani/framework/yii/framework/web/CWebApplication.php(136): CWebApplication->runController('favicon.ico')
#1 /home/logicani/framework/yii/framework/base/CApplication.php(158): CWebApplication->processRequest()
#2 /home/logicani/public_html/subdomain/smsempresa/index.php(13): CApplication->run()
#3 {main} REQUEST_URI=/favicon.ico
